Using pre-set license
Built from '2020.3/staging' branch; Version is '2020.3.21f1 (a38c86f6690f) revision 10718342'; Using compiler version '192528614'; Build Type 'Release'
OS: 'Windows 10 Home; OS build 22000.376; Version 2009; 64bit' Language: 'zh' Physical Memory: 16197 MB
BatchMode: 1, IsHumanControllingUs: 0, StartBugReporterOnCrash: 0, Is64bit: 1, IsPro: 0

COMMAND LINE ARGUMENTS:
C:\Program Files\Unity\Hub\Editor\2020.3.21f1\Editor\Unity.exe
-adb2
-batchMode
-noUpm
-name
AssetImportWorker0
-projectPath
C:/Users/user/Test2
-logFile
Logs/AssetImportWorker0.log
-srvPort
52851
Successfully changed project path to: C:/Users/user/Test2
C:/Users/user/Test2
Using Asset Import Pipeline V2.
Refreshing native plugins compatible for Editor in 44.31 ms, found 2 plugins.
Preloading 0 native plugins for Editor in 0.00 ms.
Initialize engine version: 2020.3.21f1 (a38c86f6690f)
[Subsystems] Discovering subsystems at path C:/Program Files/Unity/Hub/Editor/2020.3.21f1/Editor/Data/Resources/UnitySubsystems
[Subsystems] Discovering subsystems at path C:/Users/user/Test2/Assets
GfxDevice: creating device client; threaded=0
Direct3D:
    Version:  Direct3D 11.0 [level 11.1]
    Renderer: NVIDIA GeForce MX150 (ID=0x1d12)
    Vendor:   
    VRAM:     1983 MB
    Driver:   27.21.14.6259
Initialize mono
Mono path[0] = 'C:/Program Files/Unity/Hub/Editor/2020.3.21f1/Editor/Data/Managed'
Mono path[1] = 'C:/Program Files/Unity/Hub/Editor/2020.3.21f1/Editor/Data/MonoBleedingEdge/lib/mono/unityjit'
Mono config path = 'C:/Program Files/Unity/Hub/Editor/2020.3.21f1/Editor/Data/MonoBleedingEdge/etc'
Using monoOptions --debugger-agent=transport=dt_socket,embedding=1,server=y,suspend=n,address=127.0.0.1:56196
Begin MonoManager ReloadAssembly
Registering precompiled unity dll's ...
Register platform support module: C:/Program Files/Unity/Hub/Editor/2020.3.21f1/Editor/Data/PlaybackEngines/WebGLSupport/UnityEditor.WebGL.Extensions.dll
Register platform support module: C:/Program Files/Unity/Hub/Editor/2020.3.21f1/Editor/Data/PlaybackEngines/MacStandaloneSupport/UnityEditor.OSXStandalone.Extensions.dll
Register platform support module: C:/Program Files/Unity/Hub/Editor/2020.3.21f1/Editor/Data/PlaybackEngines/WindowsStandaloneSupport/UnityEditor.WindowsStandalone.Extensions.dll
Registered in 0.003838 seconds.
Native extension for WindowsStandalone target not found
Native extension for OSXStandalone target not found
Native extension for WebGL target not found
Refreshing native plugins compatible for Editor in 34.76 ms, found 2 plugins.
Preloading 0 native plugins for Editor in 0.00 ms.
Mono: successfully reloaded assembly
- Completed reload, in  2.205 seconds
Domain Reload Profiling:
	ReloadAssembly (2205ms)
		BeginReloadAssembly (70ms)
			ExecutionOrderSort (0ms)
			DisableScriptedObjects (0ms)
			BackupInstance (0ms)
			ReleaseScriptingObjects (0ms)
			CreateAndSetChildDomain (1ms)
		EndReloadAssembly (505ms)
			LoadAssemblies (67ms)
			RebuildTransferFunctionScriptingTraits (0ms)
			SetupTypeCache (176ms)
			ReleaseScriptCaches (0ms)
			RebuildScriptCaches (39ms)
			SetupLoadedEditorAssemblies (176ms)
				LogAssemblyErrors (0ms)
				InitializePlatformSupportModulesInManaged (6ms)
				SetLoadedEditorAssemblies (0ms)
				RefreshPlugins (35ms)
				BeforeProcessingInitializeOnLoad (20ms)
				ProcessInitializeOnLoadAttributes (86ms)
				ProcessInitializeOnLoadMethodAttributes (29ms)
				AfterProcessingInitializeOnLoad (0ms)
				EditorAssembliesLoaded (0ms)
			ExecutionOrderSort2 (0ms)
			AwakeInstancesAfterBackupRestoration (0ms)
Platform modules already initialized, skipping
Registering precompiled user dll's ...
Registered in 0.005525 seconds.
Begin MonoManager ReloadAssembly
Native extension for WindowsStandalone target not found
Native extension for OSXStandalone target not found
Native extension for WebGL target not found
Refreshing native plugins compatible for Editor in 0.41 ms, found 2 plugins.
Preloading 0 native plugins for Editor in 0.00 ms.
Mono: successfully reloaded assembly
- Completed reload, in  1.233 seconds
Domain Reload Profiling:
	ReloadAssembly (1234ms)
		BeginReloadAssembly (165ms)
			ExecutionOrderSort (0ms)
			DisableScriptedObjects (4ms)
			BackupInstance (0ms)
			ReleaseScriptingObjects (0ms)
			CreateAndSetChildDomain (25ms)
		EndReloadAssembly (999ms)
			LoadAssemblies (98ms)
			RebuildTransferFunctionScriptingTraits (0ms)
			SetupTypeCache (337ms)
			ReleaseScriptCaches (0ms)
			RebuildScriptCaches (46ms)
			SetupLoadedEditorAssemblies (400ms)
				LogAssemblyErrors (0ms)
				InitializePlatformSupportModulesInManaged (8ms)
				SetLoadedEditorAssemblies (0ms)
				RefreshPlugins (0ms)
				BeforeProcessingInitializeOnLoad (89ms)
				ProcessInitializeOnLoadAttributes (275ms)
				ProcessInitializeOnLoadMethodAttributes (17ms)
				AfterProcessingInitializeOnLoad (10ms)
				EditorAssembliesLoaded (0ms)
			ExecutionOrderSort2 (0ms)
			AwakeInstancesAfterBackupRestoration (10ms)
Platform modules already initialized, skipping
========================================================================
Worker process is ready to serve import requests
Launched and connected shader compiler UnityShaderCompiler.exe after 0.06 seconds
Refreshing native plugins compatible for Editor in 0.49 ms, found 2 plugins.
Preloading 0 native plugins for Editor in 0.00 ms.
Unloading 1500 Unused Serialized files (Serialized files now loaded: 0)
System memory in use before: 72.3 MB.
System memory in use after: 72.3 MB.

Unloading 19 unused Assets to reduce memory usage. Loaded Objects now: 1936.
Total: 3.758500 ms (FindLiveObjects: 0.215300 ms CreateObjectMapping: 0.042700 ms MarkObjects: 3.362800 ms  DeleteObjects: 0.136200 ms)

AssetImportParameters requested are different than current active one (requested -> active):
  custom:framework-win-MediaFoundation: 216162199b28c13a410421893ffa2e32 -> 
  custom:video-decoder-ogg-theora: a1e56fd34408186e4bbccfd4996cb3dc -> 
  custom:container-muxer-webm: aa71ff27fc2769a1b78a27578f13a17b -> 
  custom:container-demuxer-webm: 4f35f7cbe854078d1ac9338744f61a02 -> 
  custom:container-demuxer-ogg: 62fdf1f143b41e24485cea50d1cbac27 -> 
  custom:video-encoder-webm-vp8: eb34c28f22e8b96e1ab97ce403110664 -> 
  custom:video-decoder-webm-vp8: 9c59270c3fd7afecdb556c50c9e8de78 -> 
  custom:audio-decoder-ogg-vorbis: bf7c407c2cedff20999df2af8eb42d56 -> 
  custom:audio-encoder-webm-vorbis: bf7c407c2cedff20999df2af8eb42d56 -> 
========================================================================
Received Import Request.
  path: Assets/Prefeb/Empty.prefab
  artifactKey: Guid(47b228f18ebacbb4c80ac80253c18eb6) Importer(815301076,1909f56bfc062723c751e8b465ee728b)
Start importing Assets/Prefeb/Empty.prefab using Guid(47b228f18ebacbb4c80ac80253c18eb6) Importer(815301076,1909f56bfc062723c751e8b465ee728b)  -> (artifact id: '13d318d32eea64f02552e8d5462bef01') in 0.349451 seconds 
  Import took 0.354674 seconds .

========================================================================
Received Import Request.
  Time since last request: 5.821710 seconds.
  path: Assets/Prefeb/Empty_b.prefab
  artifactKey: Guid(b24693e11d67ce84d8f2b88a5a286e33) Importer(815301076,1909f56bfc062723c751e8b465ee728b)
Start importing Assets/Prefeb/Empty_b.prefab using Guid(b24693e11d67ce84d8f2b88a5a286e33) Importer(815301076,1909f56bfc062723c751e8b465ee728b)  -> (artifact id: '2eeb2ee9c05ef2f972dac707a8c6894f') in 0.024743 seconds 
  Import took 0.030787 seconds .

========================================================================
Received Import Request.
  Time since last request: 0.973293 seconds.
  path: Assets/Prefeb/Empty_b.prefab
  artifactKey: Guid(b24693e11d67ce84d8f2b88a5a286e33) Importer(815301076,1909f56bfc062723c751e8b465ee728b)
Start importing Assets/Prefeb/Empty_b.prefab using Guid(b24693e11d67ce84d8f2b88a5a286e33) Importer(815301076,1909f56bfc062723c751e8b465ee728b)  -> (artifact id: '73ce6c1a6b965056e96e02f5a7febbca') in 0.104499 seconds 
  Import took 0.110572 seconds .

========================================================================
Received Import Request.
  Time since last request: 5.382623 seconds.
  path: Assets/Prefeb/Empty_l.prefab
  artifactKey: Guid(83ce1b07500487b47a7d49612f745b62) Importer(815301076,1909f56bfc062723c751e8b465ee728b)
Start importing Assets/Prefeb/Empty_l.prefab using Guid(83ce1b07500487b47a7d49612f745b62) Importer(815301076,1909f56bfc062723c751e8b465ee728b)  -> (artifact id: 'a85596b4cf4cb707c1d210691ee50d2b') in 0.088068 seconds 
  Import took 0.094693 seconds .

========================================================================
Received Import Request.
  Time since last request: 6.408379 seconds.
  path: Assets/Prefeb/Empty_l.prefab
  artifactKey: Guid(83ce1b07500487b47a7d49612f745b62) Importer(815301076,1909f56bfc062723c751e8b465ee728b)
Start importing Assets/Prefeb/Empty_l.prefab using Guid(83ce1b07500487b47a7d49612f745b62) Importer(815301076,1909f56bfc062723c751e8b465ee728b)  -> (artifact id: '7ed6937016686754c35ee548c00d8437') in 0.068708 seconds 
  Import took 0.076145 seconds .

========================================================================
Received Import Request.
  Time since last request: 8.431474 seconds.
  path: Assets/Prefeb/Empty_l.prefab
  artifactKey: Guid(83ce1b07500487b47a7d49612f745b62) Importer(815301076,1909f56bfc062723c751e8b465ee728b)
Start importing Assets/Prefeb/Empty_l.prefab using Guid(83ce1b07500487b47a7d49612f745b62) Importer(815301076,1909f56bfc062723c751e8b465ee728b)  -> (artifact id: '3b998a720abe788a89f0582bf74704df') in 0.080592 seconds 
  Import took 0.088771 seconds .

========================================================================
Received Import Request.
  Time since last request: 1.780459 seconds.
  path: Assets/Prefeb/Empty_l.prefab
  artifactKey: Guid(83ce1b07500487b47a7d49612f745b62) Importer(815301076,1909f56bfc062723c751e8b465ee728b)
Start importing Assets/Prefeb/Empty_l.prefab using Guid(83ce1b07500487b47a7d49612f745b62) Importer(815301076,1909f56bfc062723c751e8b465ee728b)  -> (artifact id: '97a0ff5e7839417312eb35b004b1267a') in 0.067216 seconds 
  Import took 0.074264 seconds .

========================================================================
Received Import Request.
  Time since last request: 2.943097 seconds.
  path: Assets/Prefeb/Empty_l.prefab
  artifactKey: Guid(83ce1b07500487b47a7d49612f745b62) Importer(815301076,1909f56bfc062723c751e8b465ee728b)
Start importing Assets/Prefeb/Empty_l.prefab using Guid(83ce1b07500487b47a7d49612f745b62) Importer(815301076,1909f56bfc062723c751e8b465ee728b)  -> (artifact id: '6612c1b1ad9a085d4d59b5d18c70365b') in 0.084130 seconds 
  Import took 0.092521 seconds .

========================================================================
Received Import Request.
  Time since last request: 6.596365 seconds.
  path: Assets/Prefeb/Empty_l.prefab
  artifactKey: Guid(83ce1b07500487b47a7d49612f745b62) Importer(815301076,1909f56bfc062723c751e8b465ee728b)
Start importing Assets/Prefeb/Empty_l.prefab using Guid(83ce1b07500487b47a7d49612f745b62) Importer(815301076,1909f56bfc062723c751e8b465ee728b)  -> (artifact id: '060a1c438cac26b69aba04eab4cf0e29') in 0.069714 seconds 
  Import took 0.076636 seconds .

========================================================================
Received Import Request.
  Time since last request: 2.755002 seconds.
  path: Assets/Prefeb/Empty_l.prefab
  artifactKey: Guid(83ce1b07500487b47a7d49612f745b62) Importer(815301076,1909f56bfc062723c751e8b465ee728b)
Start importing Assets/Prefeb/Empty_l.prefab using Guid(83ce1b07500487b47a7d49612f745b62) Importer(815301076,1909f56bfc062723c751e8b465ee728b)  -> (artifact id: 'e746103560a8cb64e202d81df3819992') in 0.072803 seconds 
  Import took 0.079268 seconds .

========================================================================
Received Import Request.
  Time since last request: 1.729553 seconds.
  path: Assets/Prefeb/Empty_l.prefab
  artifactKey: Guid(83ce1b07500487b47a7d49612f745b62) Importer(815301076,1909f56bfc062723c751e8b465ee728b)
Start importing Assets/Prefeb/Empty_l.prefab using Guid(83ce1b07500487b47a7d49612f745b62) Importer(815301076,1909f56bfc062723c751e8b465ee728b)  -> (artifact id: '8d9104e2f3e9ca33a091d4364ddfc036') in 0.061624 seconds 
  Import took 0.067877 seconds .

========================================================================
Received Import Request.
  Time since last request: 4.202497 seconds.
  path: Assets/Prefeb/Empty_r.prefab
  artifactKey: Guid(1c55389e67eeb8342a6a830d41a3cbea) Importer(815301076,1909f56bfc062723c751e8b465ee728b)
Start importing Assets/Prefeb/Empty_r.prefab using Guid(1c55389e67eeb8342a6a830d41a3cbea) Importer(815301076,1909f56bfc062723c751e8b465ee728b)  -> (artifact id: '6d1991222f1e2ff7c1467b7467e74bed') in 0.078955 seconds 
  Import took 0.086512 seconds .

========================================================================
Received Import Request.
  Time since last request: 2.734028 seconds.
  path: Assets/Prefeb/Empty_r.prefab
  artifactKey: Guid(1c55389e67eeb8342a6a830d41a3cbea) Importer(815301076,1909f56bfc062723c751e8b465ee728b)
Start importing Assets/Prefeb/Empty_r.prefab using Guid(1c55389e67eeb8342a6a830d41a3cbea) Importer(815301076,1909f56bfc062723c751e8b465ee728b)  -> (artifact id: '623f769e8a2323e6281b0cdb6fadcb1e') in 0.052630 seconds 
  Import took 0.058914 seconds .

========================================================================
Received Prepare
Refreshing native plugins compatible for Editor in 4.14 ms, found 2 plugins.
Preloading 0 native plugins for Editor in 0.00 ms.
Unloading 12 Unused Serialized files (Serialized files now loaded: 0)
System memory in use before: 46.2 MB.
System memory in use after: 46.3 MB.

Unloading 12 unused Assets to reduce memory usage. Loaded Objects now: 1944.
Total: 6.352200 ms (FindLiveObjects: 0.383400 ms CreateObjectMapping: 0.127700 ms MarkObjects: 5.815100 ms  DeleteObjects: 0.024300 ms)

AssetImportParameters requested are different than current active one (requested -> active):
  custom:framework-win-MediaFoundation: 216162199b28c13a410421893ffa2e32 -> 
  custom:video-decoder-ogg-theora: a1e56fd34408186e4bbccfd4996cb3dc -> 
  custom:container-muxer-webm: aa71ff27fc2769a1b78a27578f13a17b -> 
  custom:container-demuxer-webm: 4f35f7cbe854078d1ac9338744f61a02 -> 
  custom:container-demuxer-ogg: 62fdf1f143b41e24485cea50d1cbac27 -> 
  custom:video-encoder-webm-vp8: eb34c28f22e8b96e1ab97ce403110664 -> 
  custom:video-decoder-webm-vp8: 9c59270c3fd7afecdb556c50c9e8de78 -> 
  custom:audio-decoder-ogg-vorbis: bf7c407c2cedff20999df2af8eb42d56 -> 
  custom:audio-encoder-webm-vorbis: bf7c407c2cedff20999df2af8eb42d56 -> 
AssetImportWorkerClient::OnTransportError - code=2 error=End of file
