Using pre-set license
Built from '2020.3/staging' branch; Version is '2020.3.21f1 (a38c86f6690f) revision 10718342'; Using compiler version '192528614'; Build Type 'Release'
OS: 'Windows 10 Home; OS build 22000.376; Version 2009; 64bit' Language: 'zh' Physical Memory: 16197 MB
BatchMode: 1, IsHumanControllingUs: 0, StartBugReporterOnCrash: 0, Is64bit: 1, IsPro: 0

COMMAND LINE ARGUMENTS:
C:\Program Files\Unity\Hub\Editor\2020.3.21f1\Editor\Unity.exe
-adb2
-batchMode
-noUpm
-name
AssetImportWorker0
-projectPath
C:/Users/user/Test2
-logFile
Logs/AssetImportWorker0.log
-srvPort
50088
Successfully changed project path to: C:/Users/user/Test2
C:/Users/user/Test2
Using Asset Import Pipeline V2.
Refreshing native plugins compatible for Editor in 45.73 ms, found 2 plugins.
Preloading 0 native plugins for Editor in 0.00 ms.
Initialize engine version: 2020.3.21f1 (a38c86f6690f)
[Subsystems] Discovering subsystems at path C:/Program Files/Unity/Hub/Editor/2020.3.21f1/Editor/Data/Resources/UnitySubsystems
[Subsystems] Discovering subsystems at path C:/Users/user/Test2/Assets
GfxDevice: creating device client; threaded=0
Direct3D:
    Version:  Direct3D 11.0 [level 11.1]
    Renderer: NVIDIA GeForce MX150 (ID=0x1d12)
    Vendor:   
    VRAM:     1983 MB
    Driver:   27.21.14.6259
Initialize mono
Mono path[0] = 'C:/Program Files/Unity/Hub/Editor/2020.3.21f1/Editor/Data/Managed'
Mono path[1] = 'C:/Program Files/Unity/Hub/Editor/2020.3.21f1/Editor/Data/MonoBleedingEdge/lib/mono/unityjit'
Mono config path = 'C:/Program Files/Unity/Hub/Editor/2020.3.21f1/Editor/Data/MonoBleedingEdge/etc'
Using monoOptions --debugger-agent=transport=dt_socket,embedding=1,server=y,suspend=n,address=127.0.0.1:56040
Begin MonoManager ReloadAssembly
Registering precompiled unity dll's ...
Register platform support module: C:/Program Files/Unity/Hub/Editor/2020.3.21f1/Editor/Data/PlaybackEngines/WebGLSupport/UnityEditor.WebGL.Extensions.dll
Register platform support module: C:/Program Files/Unity/Hub/Editor/2020.3.21f1/Editor/Data/PlaybackEngines/MacStandaloneSupport/UnityEditor.OSXStandalone.Extensions.dll
Register platform support module: C:/Program Files/Unity/Hub/Editor/2020.3.21f1/Editor/Data/PlaybackEngines/WindowsStandaloneSupport/UnityEditor.WindowsStandalone.Extensions.dll
Registered in 0.002927 seconds.
Native extension for WindowsStandalone target not found
Native extension for OSXStandalone target not found
Native extension for WebGL target not found
Refreshing native plugins compatible for Editor in 38.83 ms, found 2 plugins.
Preloading 0 native plugins for Editor in 0.00 ms.
Mono: successfully reloaded assembly
- Completed reload, in  2.446 seconds
Domain Reload Profiling:
	ReloadAssembly (2446ms)
		BeginReloadAssembly (68ms)
			ExecutionOrderSort (0ms)
			DisableScriptedObjects (0ms)
			BackupInstance (0ms)
			ReleaseScriptingObjects (0ms)
			CreateAndSetChildDomain (1ms)
		EndReloadAssembly (542ms)
			LoadAssemblies (65ms)
			RebuildTransferFunctionScriptingTraits (0ms)
			SetupTypeCache (193ms)
			ReleaseScriptCaches (0ms)
			RebuildScriptCaches (39ms)
			SetupLoadedEditorAssemblies (189ms)
				LogAssemblyErrors (0ms)
				InitializePlatformSupportModulesInManaged (6ms)
				SetLoadedEditorAssemblies (0ms)
				RefreshPlugins (39ms)
				BeforeProcessingInitializeOnLoad (19ms)
				ProcessInitializeOnLoadAttributes (92ms)
				ProcessInitializeOnLoadMethodAttributes (32ms)
				AfterProcessingInitializeOnLoad (0ms)
				EditorAssembliesLoaded (0ms)
			ExecutionOrderSort2 (0ms)
			AwakeInstancesAfterBackupRestoration (0ms)
Platform modules already initialized, skipping
Registering precompiled user dll's ...
Registered in 0.006208 seconds.
Begin MonoManager ReloadAssembly
Native extension for WindowsStandalone target not found
Native extension for OSXStandalone target not found
Native extension for WebGL target not found
Refreshing native plugins compatible for Editor in 0.86 ms, found 2 plugins.
Preloading 0 native plugins for Editor in 0.00 ms.
Mono: successfully reloaded assembly
- Completed reload, in  1.223 seconds
Domain Reload Profiling:
	ReloadAssembly (1224ms)
		BeginReloadAssembly (171ms)
			ExecutionOrderSort (0ms)
			DisableScriptedObjects (5ms)
			BackupInstance (0ms)
			ReleaseScriptingObjects (0ms)
			CreateAndSetChildDomain (25ms)
		EndReloadAssembly (975ms)
			LoadAssemblies (106ms)
			RebuildTransferFunctionScriptingTraits (0ms)
			SetupTypeCache (335ms)
			ReleaseScriptCaches (0ms)
			RebuildScriptCaches (48ms)
			SetupLoadedEditorAssemblies (380ms)
				LogAssemblyErrors (0ms)
				InitializePlatformSupportModulesInManaged (8ms)
				SetLoadedEditorAssemblies (0ms)
				RefreshPlugins (1ms)
				BeforeProcessingInitializeOnLoad (102ms)
				ProcessInitializeOnLoadAttributes (248ms)
				ProcessInitializeOnLoadMethodAttributes (11ms)
				AfterProcessingInitializeOnLoad (9ms)
				EditorAssembliesLoaded (0ms)
			ExecutionOrderSort2 (0ms)
			AwakeInstancesAfterBackupRestoration (9ms)
Platform modules already initialized, skipping
========================================================================
Worker process is ready to serve import requests
Launched and connected shader compiler UnityShaderCompiler.exe after 0.07 seconds
Refreshing native plugins compatible for Editor in 0.48 ms, found 2 plugins.
Preloading 0 native plugins for Editor in 0.00 ms.
Unloading 1500 Unused Serialized files (Serialized files now loaded: 0)
System memory in use before: 72.3 MB.
System memory in use after: 72.4 MB.

Unloading 19 unused Assets to reduce memory usage. Loaded Objects now: 1936.
Total: 4.873100 ms (FindLiveObjects: 0.228300 ms CreateObjectMapping: 0.042100 ms MarkObjects: 4.473800 ms  DeleteObjects: 0.127600 ms)

AssetImportParameters requested are different than current active one (requested -> active):
  custom:framework-win-MediaFoundation: 216162199b28c13a410421893ffa2e32 -> 
  custom:video-decoder-ogg-theora: a1e56fd34408186e4bbccfd4996cb3dc -> 
  custom:container-muxer-webm: aa71ff27fc2769a1b78a27578f13a17b -> 
  custom:container-demuxer-webm: 4f35f7cbe854078d1ac9338744f61a02 -> 
  custom:container-demuxer-ogg: 62fdf1f143b41e24485cea50d1cbac27 -> 
  custom:video-encoder-webm-vp8: eb34c28f22e8b96e1ab97ce403110664 -> 
  custom:video-decoder-webm-vp8: 9c59270c3fd7afecdb556c50c9e8de78 -> 
  custom:audio-decoder-ogg-vorbis: bf7c407c2cedff20999df2af8eb42d56 -> 
  custom:audio-encoder-webm-vorbis: bf7c407c2cedff20999df2af8eb42d56 -> 
========================================================================
Received Import Request.
  path: Assets/Scenes/Gameover.unity
  artifactKey: Guid(c87511799d2b4d1429f5d4c3921a9f23) Importer(815301076,1909f56bfc062723c751e8b465ee728b)
Start importing Assets/Scenes/Gameover.unity using Guid(c87511799d2b4d1429f5d4c3921a9f23) Importer(815301076,1909f56bfc062723c751e8b465ee728b)  -> (artifact id: 'd3c35d202d1b0e1484d2823102b21633') in 0.016506 seconds 
  Import took 0.022656 seconds .

========================================================================
Received Import Request.
  Time since last request: 42.286755 seconds.
  path: Assets/Resorce/Audio/Footsteps/Footstep_Dirt_00.mp3
  artifactKey: Guid(22b5b26c3429f42c482afafb562afc2a) Importer(815301076,1909f56bfc062723c751e8b465ee728b)
Start importing Assets/Resorce/Audio/Footsteps/Footstep_Dirt_00.mp3 using Guid(22b5b26c3429f42c482afafb562afc2a) Importer(815301076,1909f56bfc062723c751e8b465ee728b)  -> (artifact id: '71dd6bc675dbf95e49ee8ad768197745') in 0.262746 seconds 
  Import took 0.268884 seconds .

========================================================================
Received Import Request.
  Time since last request: 0.000407 seconds.
  path: Assets/Resorce/Audio/Footsteps/Footstep_Dirt_01.mp3
  artifactKey: Guid(a948133482bd9461cbcb85c1b36c59b7) Importer(815301076,1909f56bfc062723c751e8b465ee728b)
Start importing Assets/Resorce/Audio/Footsteps/Footstep_Dirt_01.mp3 using Guid(a948133482bd9461cbcb85c1b36c59b7) Importer(815301076,1909f56bfc062723c751e8b465ee728b)  -> (artifact id: '24ef5ba1da0757ac6315e20624fb7289') in 0.016585 seconds 
  Import took 0.022487 seconds .

========================================================================
Received Import Request.
  Time since last request: 0.000589 seconds.
  path: Assets/Resorce/Audio/Footsteps/Footstep_Dirt_03.mp3
  artifactKey: Guid(f65c4ff197551410b9f70b804410c961) Importer(815301076,1909f56bfc062723c751e8b465ee728b)
Start importing Assets/Resorce/Audio/Footsteps/Footstep_Dirt_03.mp3 using Guid(f65c4ff197551410b9f70b804410c961) Importer(815301076,1909f56bfc062723c751e8b465ee728b)  -> (artifact id: '007282b087fd8d6d0a641f7b229b38f8') in 0.015532 seconds 
  Import took 0.020788 seconds .

========================================================================
Received Import Request.
  Time since last request: 0.000420 seconds.
  path: Assets/Resorce/Audio/Footsteps/Footstep_Dirt_02.mp3
  artifactKey: Guid(8033517be0e2b4a939b3f8ffacc6f4d5) Importer(815301076,1909f56bfc062723c751e8b465ee728b)
Start importing Assets/Resorce/Audio/Footsteps/Footstep_Dirt_02.mp3 using Guid(8033517be0e2b4a939b3f8ffacc6f4d5) Importer(815301076,1909f56bfc062723c751e8b465ee728b)  -> (artifact id: 'e3208911a21a9e6662e0d65c4f9e1fa1') in 0.017902 seconds 
  Import took 0.024629 seconds .

========================================================================
Received Prepare
Registering precompiled user dll's ...
Registered in 0.006354 seconds.
Begin MonoManager ReloadAssembly
Native extension for WindowsStandalone target not found
Native extension for OSXStandalone target not found
Native extension for WebGL target not found
Refreshing native plugins compatible for Editor in 0.45 ms, found 2 plugins.
Preloading 0 native plugins for Editor in 0.00 ms.
Mono: successfully reloaded assembly
- Completed reload, in  1.179 seconds
Domain Reload Profiling:
	ReloadAssembly (1179ms)
		BeginReloadAssembly (128ms)
			ExecutionOrderSort (0ms)
			DisableScriptedObjects (6ms)
			BackupInstance (0ms)
			ReleaseScriptingObjects (0ms)
			CreateAndSetChildDomain (39ms)
		EndReloadAssembly (966ms)
			LoadAssemblies (104ms)
			RebuildTransferFunctionScriptingTraits (0ms)
			SetupTypeCache (350ms)
			ReleaseScriptCaches (1ms)
			RebuildScriptCaches (45ms)
			SetupLoadedEditorAssemblies (353ms)
				LogAssemblyErrors (0ms)
				InitializePlatformSupportModulesInManaged (7ms)
				SetLoadedEditorAssemblies (0ms)
				RefreshPlugins (1ms)
				BeforeProcessingInitializeOnLoad (88ms)
				ProcessInitializeOnLoadAttributes (241ms)
				ProcessInitializeOnLoadMethodAttributes (9ms)
				AfterProcessingInitializeOnLoad (7ms)
				EditorAssembliesLoaded (0ms)
			ExecutionOrderSort2 (0ms)
			AwakeInstancesAfterBackupRestoration (6ms)
Platform modules already initialized, skipping
Refreshing native plugins compatible for Editor in 0.53 ms, found 2 plugins.
Preloading 0 native plugins for Editor in 0.00 ms.
Unloading 1494 Unused Serialized files (Serialized files now loaded: 0)
System memory in use before: 75.3 MB.
System memory in use after: 75.4 MB.

Unloading 14 unused Assets to reduce memory usage. Loaded Objects now: 1947.
Total: 3.556800 ms (FindLiveObjects: 0.296600 ms CreateObjectMapping: 0.061400 ms MarkObjects: 3.169300 ms  DeleteObjects: 0.028100 ms)

AssetImportParameters requested are different than current active one (requested -> active):
  custom:framework-win-MediaFoundation: 216162199b28c13a410421893ffa2e32 -> 
  custom:video-decoder-ogg-theora: a1e56fd34408186e4bbccfd4996cb3dc -> 
  custom:container-muxer-webm: aa71ff27fc2769a1b78a27578f13a17b -> 
  custom:container-demuxer-webm: 4f35f7cbe854078d1ac9338744f61a02 -> 
  custom:container-demuxer-ogg: 62fdf1f143b41e24485cea50d1cbac27 -> 
  custom:video-encoder-webm-vp8: eb34c28f22e8b96e1ab97ce403110664 -> 
  custom:video-decoder-webm-vp8: 9c59270c3fd7afecdb556c50c9e8de78 -> 
  custom:audio-decoder-ogg-vorbis: bf7c407c2cedff20999df2af8eb42d56 -> 
  custom:audio-encoder-webm-vorbis: bf7c407c2cedff20999df2af8eb42d56 -> 
========================================================================
Received Import Request.
  Time since last request: 112.143497 seconds.
  path: Assets/Resorce/Audio/Footsteps
  artifactKey: Guid(85090a7f1093a684b93cee314aaec483) Importer(815301076,1909f56bfc062723c751e8b465ee728b)
Start importing Assets/Resorce/Audio/Footsteps using Guid(85090a7f1093a684b93cee314aaec483) Importer(815301076,1909f56bfc062723c751e8b465ee728b)  -> (artifact id: '9460d11ab3a1084dd35f070dfa7d0ca4') in 0.011074 seconds 
  Import took 0.017572 seconds .

========================================================================
Received Import Request.
  Time since last request: 0.043230 seconds.
  path: Assets/Resorce/Audio/Footsteps/Footstep_Dirt_04.mp3
  artifactKey: Guid(c71a1656ec801453da6b0fc7884f77fe) Importer(815301076,1909f56bfc062723c751e8b465ee728b)
Start importing Assets/Resorce/Audio/Footsteps/Footstep_Dirt_04.mp3 using Guid(c71a1656ec801453da6b0fc7884f77fe) Importer(815301076,1909f56bfc062723c751e8b465ee728b)  -> (artifact id: '736d680907bd96c4f4fc4a7c3bde979a') in 0.060045 seconds 
  Import took 0.065043 seconds .

========================================================================
Received Import Request.
  Time since last request: 0.000430 seconds.
  path: Assets/Resorce/Audio/Footsteps/Footstep_Water_03.mp3
  artifactKey: Guid(82c7ec065b4f1479c85a5c2d51e4e313) Importer(815301076,1909f56bfc062723c751e8b465ee728b)
Start importing Assets/Resorce/Audio/Footsteps/Footstep_Water_03.mp3 using Guid(82c7ec065b4f1479c85a5c2d51e4e313) Importer(815301076,1909f56bfc062723c751e8b465ee728b)  -> (artifact id: '866d1d242d4e1ec756aa5d69d31221d6') in 0.015719 seconds 
  Import took 0.019874 seconds .

========================================================================
Received Import Request.
  Time since last request: 0.000395 seconds.
  path: Assets/Resorce/Audio/Footsteps/Footstep_Water_01.mp3
  artifactKey: Guid(ba5699080bfd24d7e984d2a0d88405ef) Importer(815301076,1909f56bfc062723c751e8b465ee728b)
Start importing Assets/Resorce/Audio/Footsteps/Footstep_Water_01.mp3 using Guid(ba5699080bfd24d7e984d2a0d88405ef) Importer(815301076,1909f56bfc062723c751e8b465ee728b)  -> (artifact id: '04e387443d47edaa4f0b31fc9fb2951b') in 0.017743 seconds 
  Import took 0.021718 seconds .

========================================================================
Received Import Request.
  Time since last request: 0.000485 seconds.
  path: Assets/Resorce/Audio/Footsteps/Footstep_Dirt_06.mp3
  artifactKey: Guid(dd1266cc97b6b4a38a280331273cb1ed) Importer(815301076,1909f56bfc062723c751e8b465ee728b)
Start importing Assets/Resorce/Audio/Footsteps/Footstep_Dirt_06.mp3 using Guid(dd1266cc97b6b4a38a280331273cb1ed) Importer(815301076,1909f56bfc062723c751e8b465ee728b)  -> (artifact id: '0483f687a8dedbd158500a1f36ae0533') in 0.017218 seconds 
  Import took 0.021731 seconds .

========================================================================
Received Import Request.
  Time since last request: 0.000491 seconds.
  path: Assets/Resorce/Audio/Footsteps/Footstep_Water_06.mp3
  artifactKey: Guid(e6ca2426aab48445d80f08b93db94f24) Importer(815301076,1909f56bfc062723c751e8b465ee728b)
Start importing Assets/Resorce/Audio/Footsteps/Footstep_Water_06.mp3 using Guid(e6ca2426aab48445d80f08b93db94f24) Importer(815301076,1909f56bfc062723c751e8b465ee728b)  -> (artifact id: '92f66ca833f9bda0f4737116e56df246') in 0.014888 seconds 
  Import took 0.020546 seconds .

========================================================================
Received Import Request.
  Time since last request: 0.000525 seconds.
  path: Assets/Resorce/Audio/Footsteps/Footstep_Water_05.mp3
  artifactKey: Guid(61467420665bc4bb782283cc97cebfdb) Importer(815301076,1909f56bfc062723c751e8b465ee728b)
Start importing Assets/Resorce/Audio/Footsteps/Footstep_Water_05.mp3 using Guid(61467420665bc4bb782283cc97cebfdb) Importer(815301076,1909f56bfc062723c751e8b465ee728b)  -> (artifact id: 'e7ee338dfbfb710777de323b589c22d6') in 0.015957 seconds 
  Import took 0.020764 seconds .

========================================================================
Received Import Request.
  Time since last request: 0.000478 seconds.
  path: Assets/Resorce/Audio/Footsteps/Footstep_Dirt_05.mp3
  artifactKey: Guid(23684c2373aa34787b0d7b3349bdd2e6) Importer(815301076,1909f56bfc062723c751e8b465ee728b)
Start importing Assets/Resorce/Audio/Footsteps/Footstep_Dirt_05.mp3 using Guid(23684c2373aa34787b0d7b3349bdd2e6) Importer(815301076,1909f56bfc062723c751e8b465ee728b)  -> (artifact id: '144219247bfcb1b7f79bcd9515d9f620') in 0.016930 seconds 
  Import took 0.023084 seconds .

========================================================================
Received Import Request.
  Time since last request: 0.000551 seconds.
  path: Assets/Resorce/Audio/Footsteps/Footstep_Water_04.mp3
  artifactKey: Guid(273eb9554375f4ebb9e87931ec8335a0) Importer(815301076,1909f56bfc062723c751e8b465ee728b)
Start importing Assets/Resorce/Audio/Footsteps/Footstep_Water_04.mp3 using Guid(273eb9554375f4ebb9e87931ec8335a0) Importer(815301076,1909f56bfc062723c751e8b465ee728b)  -> (artifact id: 'b57998d54de7ee986cc3949ddb917342') in 0.016328 seconds 
  Import took 0.022218 seconds .

========================================================================
Received Import Request.
  Time since last request: 0.000526 seconds.
  path: Assets/Resorce/Audio/Footsteps/Footstep_Water_07.mp3
  artifactKey: Guid(c4c95fd958444446aacca5c7a33ba1a7) Importer(815301076,1909f56bfc062723c751e8b465ee728b)
Start importing Assets/Resorce/Audio/Footsteps/Footstep_Water_07.mp3 using Guid(c4c95fd958444446aacca5c7a33ba1a7) Importer(815301076,1909f56bfc062723c751e8b465ee728b)  -> (artifact id: '73faa0edb7f0c8562dadae2b57c7cc2f') in 0.014844 seconds 
  Import took 0.019424 seconds .

========================================================================
Received Import Request.
  Time since last request: 0.000471 seconds.
  path: Assets/Resorce/Audio/Footsteps/Footstep_Dirt_08.mp3
  artifactKey: Guid(8148972f644724dc6ab272a4f7e24faa) Importer(815301076,1909f56bfc062723c751e8b465ee728b)
Start importing Assets/Resorce/Audio/Footsteps/Footstep_Dirt_08.mp3 using Guid(8148972f644724dc6ab272a4f7e24faa) Importer(815301076,1909f56bfc062723c751e8b465ee728b)  -> (artifact id: '77b87ae49122163eedf2353d0f480b48') in 0.015700 seconds 
  Import took 0.021787 seconds .

========================================================================
Received Import Request.
  Time since last request: 0.000519 seconds.
  path: Assets/Resorce/Audio/Footsteps/Footstep_Dirt_07.mp3
  artifactKey: Guid(1c30db6cd8fb645049fe02656a68d721) Importer(815301076,1909f56bfc062723c751e8b465ee728b)
Start importing Assets/Resorce/Audio/Footsteps/Footstep_Dirt_07.mp3 using Guid(1c30db6cd8fb645049fe02656a68d721) Importer(815301076,1909f56bfc062723c751e8b465ee728b)  -> (artifact id: '8f7c2339e1b92993df82c3299587cf67') in 0.013514 seconds 
  Import took 0.018369 seconds .

========================================================================
Received Import Request.
  Time since last request: 0.000466 seconds.
  path: Assets/Resorce/Audio/Footsteps/Footstep_Water_02.mp3
  artifactKey: Guid(3d466a540cab840049f3a6d6d885a4b5) Importer(815301076,1909f56bfc062723c751e8b465ee728b)
Start importing Assets/Resorce/Audio/Footsteps/Footstep_Water_02.mp3 using Guid(3d466a540cab840049f3a6d6d885a4b5) Importer(815301076,1909f56bfc062723c751e8b465ee728b)  -> (artifact id: 'c5090261d50457e9370651a18a773d86') in 0.015945 seconds 
  Import took 0.020480 seconds .

========================================================================
Received Import Request.
  Time since last request: 0.000378 seconds.
  path: Assets/Resorce/Audio/Footsteps/Footstep_Dirt_09.mp3
  artifactKey: Guid(a476e34385a8f43f5a7cd7280badc54f) Importer(815301076,1909f56bfc062723c751e8b465ee728b)
Start importing Assets/Resorce/Audio/Footsteps/Footstep_Dirt_09.mp3 using Guid(a476e34385a8f43f5a7cd7280badc54f) Importer(815301076,1909f56bfc062723c751e8b465ee728b)  -> (artifact id: '9b6c41286c3e8de9e9ac8a2e214f5b64') in 0.014740 seconds 
  Import took 0.018635 seconds .

========================================================================
Received Import Request.
  Time since last request: 0.000417 seconds.
  path: Assets/Resorce/Audio/Footsteps/Footstep_Water_00.mp3
  artifactKey: Guid(0f7237cf710e142909810e114ce1d2fb) Importer(815301076,1909f56bfc062723c751e8b465ee728b)
Start importing Assets/Resorce/Audio/Footsteps/Footstep_Water_00.mp3 using Guid(0f7237cf710e142909810e114ce1d2fb) Importer(815301076,1909f56bfc062723c751e8b465ee728b)  -> (artifact id: '7d5b13b1311207a1c19ec09b7726e0a8') in 0.014391 seconds 
  Import took 0.019576 seconds .

========================================================================
Received Import Request.
  Time since last request: 287.242104 seconds.
  path: Assets/Scenes/StartPage.unity
  artifactKey: Guid(afafd09dc1e24c04f85de7af8a56840f) Importer(815301076,1909f56bfc062723c751e8b465ee728b)
Start importing Assets/Scenes/StartPage.unity using Guid(afafd09dc1e24c04f85de7af8a56840f) Importer(815301076,1909f56bfc062723c751e8b465ee728b)  -> (artifact id: 'fa210168d860db470e86c442c042bfe8') in 0.004769 seconds 
  Import took 0.009932 seconds .

========================================================================
Received Import Request.
  Time since last request: 24.090347 seconds.
  path: Assets/Scenes/SampleScene.unity
  artifactKey: Guid(9fc0d4010bbf28b4594072e72b8655ab) Importer(815301076,1909f56bfc062723c751e8b465ee728b)
Start importing Assets/Scenes/SampleScene.unity using Guid(9fc0d4010bbf28b4594072e72b8655ab) Importer(815301076,1909f56bfc062723c751e8b465ee728b)  -> (artifact id: '3db93bd8eddf0f90b9ed65fe13fbc7ec') in 0.003815 seconds 
  Import took 0.009611 seconds .

========================================================================
Received Import Request.
  Time since last request: 150.977580 seconds.
  path: Assets/Resorce/Audio/y2meta.com - Drums of Drakkar vikings and medieval music (128 kbps).mp3
  artifactKey: Guid(0905f1303adeb174f84102c0d06e9046) Importer(815301076,1909f56bfc062723c751e8b465ee728b)
Start importing Assets/Resorce/Audio/y2meta.com - Drums of Drakkar vikings and medieval music (128 kbps).mp3 using Guid(0905f1303adeb174f84102c0d06e9046) Importer(815301076,1909f56bfc062723c751e8b465ee728b)  -> (artifact id: 'fc217d19f9056d813286a5422e206394') in 0.025778 seconds 
  Import took 0.032131 seconds .

========================================================================
Received Prepare
Registering precompiled user dll's ...
Registered in 0.006332 seconds.
Begin MonoManager ReloadAssembly
Native extension for WindowsStandalone target not found
Native extension for OSXStandalone target not found
Native extension for WebGL target not found
Refreshing native plugins compatible for Editor in 0.49 ms, found 2 plugins.
Preloading 0 native plugins for Editor in 0.00 ms.
Mono: successfully reloaded assembly
- Completed reload, in  1.235 seconds
Domain Reload Profiling:
	ReloadAssembly (1236ms)
		BeginReloadAssembly (155ms)
			ExecutionOrderSort (0ms)
			DisableScriptedObjects (6ms)
			BackupInstance (0ms)
			ReleaseScriptingObjects (0ms)
			CreateAndSetChildDomain (48ms)
		EndReloadAssembly (991ms)
			LoadAssemblies (124ms)
			RebuildTransferFunctionScriptingTraits (0ms)
			SetupTypeCache (365ms)
			ReleaseScriptCaches (2ms)
			RebuildScriptCaches (48ms)
			SetupLoadedEditorAssemblies (347ms)
				LogAssemblyErrors (0ms)
				InitializePlatformSupportModulesInManaged (6ms)
				SetLoadedEditorAssemblies (1ms)
				RefreshPlugins (1ms)
				BeforeProcessingInitializeOnLoad (81ms)
				ProcessInitializeOnLoadAttributes (240ms)
				ProcessInitializeOnLoadMethodAttributes (9ms)
				AfterProcessingInitializeOnLoad (8ms)
				EditorAssembliesLoaded (0ms)
			ExecutionOrderSort2 (0ms)
			AwakeInstancesAfterBackupRestoration (9ms)
Platform modules already initialized, skipping
Refreshing native plugins compatible for Editor in 0.60 ms, found 2 plugins.
Preloading 0 native plugins for Editor in 0.00 ms.
Unloading 1494 Unused Serialized files (Serialized files now loaded: 0)
System memory in use before: 75.4 MB.
System memory in use after: 75.5 MB.

Unloading 14 unused Assets to reduce memory usage. Loaded Objects now: 1950.
Total: 4.408000 ms (FindLiveObjects: 0.194900 ms CreateObjectMapping: 0.041100 ms MarkObjects: 4.122800 ms  DeleteObjects: 0.048000 ms)

AssetImportParameters requested are different than current active one (requested -> active):
  custom:framework-win-MediaFoundation: 216162199b28c13a410421893ffa2e32 -> 
  custom:video-decoder-ogg-theora: a1e56fd34408186e4bbccfd4996cb3dc -> 
  custom:container-muxer-webm: aa71ff27fc2769a1b78a27578f13a17b -> 
  custom:container-demuxer-webm: 4f35f7cbe854078d1ac9338744f61a02 -> 
  custom:container-demuxer-ogg: 62fdf1f143b41e24485cea50d1cbac27 -> 
  custom:video-encoder-webm-vp8: eb34c28f22e8b96e1ab97ce403110664 -> 
  custom:video-decoder-webm-vp8: 9c59270c3fd7afecdb556c50c9e8de78 -> 
  custom:audio-decoder-ogg-vorbis: bf7c407c2cedff20999df2af8eb42d56 -> 
  custom:audio-encoder-webm-vorbis: bf7c407c2cedff20999df2af8eb42d56 -> 
========================================================================
Received Import Request.
  Time since last request: 132.392827 seconds.
  path: Assets/Scenes/StartPage.unity
  artifactKey: Guid(afafd09dc1e24c04f85de7af8a56840f) Importer(815301076,1909f56bfc062723c751e8b465ee728b)
Start importing Assets/Scenes/StartPage.unity using Guid(afafd09dc1e24c04f85de7af8a56840f) Importer(815301076,1909f56bfc062723c751e8b465ee728b)  -> (artifact id: 'db25f24c457b1542cf849a7e036d9d1d') in 0.020404 seconds 
  Import took 0.025263 seconds .

========================================================================
Received Prepare
Registering precompiled user dll's ...
Registered in 0.006854 seconds.
Begin MonoManager ReloadAssembly
Native extension for WindowsStandalone target not found
Native extension for OSXStandalone target not found
Native extension for WebGL target not found
Refreshing native plugins compatible for Editor in 0.58 ms, found 2 plugins.
Preloading 0 native plugins for Editor in 0.00 ms.
Mono: successfully reloaded assembly
- Completed reload, in  1.163 seconds
Domain Reload Profiling:
	ReloadAssembly (1163ms)
		BeginReloadAssembly (129ms)
			ExecutionOrderSort (0ms)
			DisableScriptedObjects (5ms)
			BackupInstance (0ms)
			ReleaseScriptingObjects (0ms)
			CreateAndSetChildDomain (40ms)
		EndReloadAssembly (963ms)
			LoadAssemblies (102ms)
			RebuildTransferFunctionScriptingTraits (0ms)
			SetupTypeCache (358ms)
			ReleaseScriptCaches (1ms)
			RebuildScriptCaches (43ms)
			SetupLoadedEditorAssemblies (347ms)
				LogAssemblyErrors (0ms)
				InitializePlatformSupportModulesInManaged (9ms)
				SetLoadedEditorAssemblies (0ms)
				RefreshPlugins (1ms)
				BeforeProcessingInitializeOnLoad (89ms)
				ProcessInitializeOnLoadAttributes (231ms)
				ProcessInitializeOnLoadMethodAttributes (9ms)
				AfterProcessingInitializeOnLoad (8ms)
				EditorAssembliesLoaded (0ms)
			ExecutionOrderSort2 (0ms)
			AwakeInstancesAfterBackupRestoration (10ms)
Platform modules already initialized, skipping
Refreshing native plugins compatible for Editor in 0.53 ms, found 2 plugins.
Preloading 0 native plugins for Editor in 0.00 ms.
Unloading 1494 Unused Serialized files (Serialized files now loaded: 0)
System memory in use before: 75.4 MB.
System memory in use after: 75.5 MB.

Unloading 14 unused Assets to reduce memory usage. Loaded Objects now: 1952.
Total: 3.617400 ms (FindLiveObjects: 0.161200 ms CreateObjectMapping: 0.045800 ms MarkObjects: 3.356400 ms  DeleteObjects: 0.052400 ms)

AssetImportParameters requested are different than current active one (requested -> active):
  custom:framework-win-MediaFoundation: 216162199b28c13a410421893ffa2e32 -> 
  custom:video-decoder-ogg-theora: a1e56fd34408186e4bbccfd4996cb3dc -> 
  custom:container-muxer-webm: aa71ff27fc2769a1b78a27578f13a17b -> 
  custom:container-demuxer-webm: 4f35f7cbe854078d1ac9338744f61a02 -> 
  custom:container-demuxer-ogg: 62fdf1f143b41e24485cea50d1cbac27 -> 
  custom:video-encoder-webm-vp8: eb34c28f22e8b96e1ab97ce403110664 -> 
  custom:video-decoder-webm-vp8: 9c59270c3fd7afecdb556c50c9e8de78 -> 
  custom:audio-decoder-ogg-vorbis: bf7c407c2cedff20999df2af8eb42d56 -> 
  custom:audio-encoder-webm-vorbis: bf7c407c2cedff20999df2af8eb42d56 -> 
========================================================================
Received Import Request.
  Time since last request: 8.343106 seconds.
  path: Assets/Scenes/SampleScene.unity
  artifactKey: Guid(9fc0d4010bbf28b4594072e72b8655ab) Importer(815301076,1909f56bfc062723c751e8b465ee728b)
Start importing Assets/Scenes/SampleScene.unity using Guid(9fc0d4010bbf28b4594072e72b8655ab) Importer(815301076,1909f56bfc062723c751e8b465ee728b)  -> (artifact id: 'f7af02a522324bd17bdf2037c10f4f4e') in 0.018631 seconds 
  Import took 0.024640 seconds .

========================================================================
Received Prepare
Registering precompiled user dll's ...
Registered in 0.005409 seconds.
Begin MonoManager ReloadAssembly
Native extension for WindowsStandalone target not found
Native extension for OSXStandalone target not found
Native extension for WebGL target not found
Refreshing native plugins compatible for Editor in 0.40 ms, found 2 plugins.
Preloading 0 native plugins for Editor in 0.00 ms.
Mono: successfully reloaded assembly
- Completed reload, in  1.241 seconds
Domain Reload Profiling:
	ReloadAssembly (1241ms)
		BeginReloadAssembly (156ms)
			ExecutionOrderSort (0ms)
			DisableScriptedObjects (7ms)
			BackupInstance (0ms)
			ReleaseScriptingObjects (0ms)
			CreateAndSetChildDomain (51ms)
		EndReloadAssembly (992ms)
			LoadAssemblies (124ms)
			RebuildTransferFunctionScriptingTraits (0ms)
			SetupTypeCache (380ms)
			ReleaseScriptCaches (1ms)
			RebuildScriptCaches (46ms)
			SetupLoadedEditorAssemblies (341ms)
				LogAssemblyErrors (0ms)
				InitializePlatformSupportModulesInManaged (9ms)
				SetLoadedEditorAssemblies (0ms)
				RefreshPlugins (1ms)
				BeforeProcessingInitializeOnLoad (81ms)
				ProcessInitializeOnLoadAttributes (230ms)
				ProcessInitializeOnLoadMethodAttributes (11ms)
				AfterProcessingInitializeOnLoad (9ms)
				EditorAssembliesLoaded (0ms)
			ExecutionOrderSort2 (0ms)
			AwakeInstancesAfterBackupRestoration (8ms)
Platform modules already initialized, skipping
Refreshing native plugins compatible for Editor in 0.48 ms, found 2 plugins.
Preloading 0 native plugins for Editor in 0.00 ms.
Unloading 1494 Unused Serialized files (Serialized files now loaded: 0)
System memory in use before: 75.4 MB.
System memory in use after: 75.5 MB.

Unloading 14 unused Assets to reduce memory usage. Loaded Objects now: 1954.
Total: 4.183700 ms (FindLiveObjects: 0.168500 ms CreateObjectMapping: 0.040100 ms MarkObjects: 3.943900 ms  DeleteObjects: 0.029900 ms)

AssetImportParameters requested are different than current active one (requested -> active):
  custom:framework-win-MediaFoundation: 216162199b28c13a410421893ffa2e32 -> 
  custom:video-decoder-ogg-theora: a1e56fd34408186e4bbccfd4996cb3dc -> 
  custom:container-muxer-webm: aa71ff27fc2769a1b78a27578f13a17b -> 
  custom:container-demuxer-webm: 4f35f7cbe854078d1ac9338744f61a02 -> 
  custom:container-demuxer-ogg: 62fdf1f143b41e24485cea50d1cbac27 -> 
  custom:video-encoder-webm-vp8: eb34c28f22e8b96e1ab97ce403110664 -> 
  custom:video-decoder-webm-vp8: 9c59270c3fd7afecdb556c50c9e8de78 -> 
  custom:audio-decoder-ogg-vorbis: bf7c407c2cedff20999df2af8eb42d56 -> 
  custom:audio-encoder-webm-vorbis: bf7c407c2cedff20999df2af8eb42d56 -> 
========================================================================
Received Prepare
Refreshing native plugins compatible for Editor in 5.47 ms, found 2 plugins.
Preloading 0 native plugins for Editor in 0.00 ms.
Unloading 12 Unused Serialized files (Serialized files now loaded: 0)
System memory in use before: 46.1 MB.
System memory in use after: 46.2 MB.

Unloading 12 unused Assets to reduce memory usage. Loaded Objects now: 1954.
Total: 3.963300 ms (FindLiveObjects: 0.203800 ms CreateObjectMapping: 0.090900 ms MarkObjects: 3.645600 ms  DeleteObjects: 0.021700 ms)

AssetImportParameters requested are different than current active one (requested -> active):
  custom:framework-win-MediaFoundation: 216162199b28c13a410421893ffa2e32 -> 
  custom:video-decoder-ogg-theora: a1e56fd34408186e4bbccfd4996cb3dc -> 
  custom:container-muxer-webm: aa71ff27fc2769a1b78a27578f13a17b -> 
  custom:container-demuxer-webm: 4f35f7cbe854078d1ac9338744f61a02 -> 
  custom:container-demuxer-ogg: 62fdf1f143b41e24485cea50d1cbac27 -> 
  custom:video-encoder-webm-vp8: eb34c28f22e8b96e1ab97ce403110664 -> 
  custom:video-decoder-webm-vp8: 9c59270c3fd7afecdb556c50c9e8de78 -> 
  custom:audio-decoder-ogg-vorbis: bf7c407c2cedff20999df2af8eb42d56 -> 
  custom:audio-encoder-webm-vorbis: bf7c407c2cedff20999df2af8eb42d56 -> 
AssetImportWorkerClient::OnTransportError - code=2 error=End of file
